
*** Running vivado
    with args -log vga_sync.vds -m64 -product Vivado -mode batch -messageDb vivado.pb -notrace -source vga_sync.tcl


ECHO is off.
ECHO is off.

****** Vivado v2023.1 (64-bit)
  **** SW Build 3865809 on Sun May  7 15:05:29 MDT 2023
  **** IP Build 3864474 on Sun May  7 20:36:21 MDT 2023
  **** SharedData Build 3865790 on Sun May 07 13:33:03 MDT 2023
    ** Copyright 1986-2022 Xilinx, Inc. All Rights Reserved.
    ** Copyright 2022-2023 Advanced Micro Devices, Inc. All Rights Reserved.

source vga_sync.tcl -notrace
create_project: Time (s): cpu = 00:00:09 ; elapsed = 00:00:10 . Memory (MB): peak = 438.688 ; gain = 162.562
Command: read_checkpoint -auto_incremental -incremental C:/Users/Charbel/Documents/ECE_520/space_invaders_game/space_invaders_game.srcs/utils_1/imports/synth_1/vga_sync.dcp
INFO: [Vivado 12-5825] Read reference checkpoint from C:/Users/Charbel/Documents/ECE_520/space_invaders_game/space_invaders_game.srcs/utils_1/imports/synth_1/vga_sync.dcp for incremental synthesis
INFO: [Vivado 12-7989] Please ensure there are no constraint changes
Command: synth_design -top vga_sync -part xc7z010clg400-1
Starting synth_design
Attempting to get a license for feature 'Synthesis' and/or device 'xc7z010'
INFO: [Common 17-349] Got license for feature 'Synthesis' and/or device 'xc7z010'
INFO: [Device 21-403] Loading part xc7z010clg400-1
INFO: [Designutils 20-5440] No compile time benefit to using incremental synthesis; A full resynthesis will be run
INFO: [Designutils 20-4379] Flow is switching to default flow due to incremental criteria not met. If you would like to alter this behaviour and have the flow terminate instead, please set the following parameter config_implementation {autoIncr.Synth.RejectBehavior Terminate}
INFO: [Synth 8-7079] Multithreading enabled for synth_design using a maximum of 2 processes.
INFO: [Synth 8-7078] Launching helper process for spawning children vivado processes
INFO: [Synth 8-7075] Helper process launched with PID 3020
---------------------------------------------------------------------------------
Starting RTL Elaboration : Time (s): cpu = 00:00:07 ; elapsed = 00:00:08 . Memory (MB): peak = 1260.367 ; gain = 410.363
---------------------------------------------------------------------------------
INFO: [Synth 8-6157] synthesizing module 'vga_sync' [C:/Users/Charbel/Documents/ECE_520/space_invaders_game/space_invaders_game.srcs/sources_1/new/vga_sync.v:5]
INFO: [Synth 8-6155] done synthesizing module 'vga_sync' (0#1) [C:/Users/Charbel/Documents/ECE_520/space_invaders_game/space_invaders_game.srcs/sources_1/new/vga_sync.v:5]
---------------------------------------------------------------------------------
Finished RTL Elaboration : Time (s): cpu = 00:00:09 ; elapsed = 00:00:10 . Memory (MB): peak = 1350.375 ; gain = 500.371
---------------------------------------------------------------------------------
---------------------------------------------------------------------------------
Start Handling Custom Attributes
---------------------------------------------------------------------------------
---------------------------------------------------------------------------------
Finished Handling Custom Attributes : Time (s): cpu = 00:00:09 ; elapsed = 00:00:10 . Memory (MB): peak = 1350.375 ; gain = 500.371
---------------------------------------------------------------------------------
---------------------------------------------------------------------------------
Finished RTL Optimization Phase 1 : Time (s): cpu = 00:00:09 ; elapsed = 00:00:10 . Memory (MB): peak = 1350.375 ; gain = 500.371
---------------------------------------------------------------------------------
Netlist sorting complete. Time (s): cpu = 00:00:00 ; elapsed = 00:00:00.001 . Memory (MB): peak = 1350.375 ; gain = 0.000
INFO: [Project 1-570] Preparing netlist for logic optimization

Processing XDC Constraints
Initializing timing engine
Parsing XDC File [C:/Users/Charbel/Documents/ECE_520/space_invaders_game/space_invaders_game.srcs/sources_1/new/constraints.xdc]
WARNING: [Vivado 12-584] No ports matched 'vga_r[0]'. [C:/Users/Charbel/Documents/ECE_520/space_invaders_game/space_invaders_game.srcs/sources_1/new/constraints.xdc:5]
CRITICAL WARNING: [Common 17-55] 'set_property' expects at least one object. [C:/Users/Charbel/Documents/ECE_520/space_invaders_game/space_invaders_game.srcs/sources_1/new/constraints.xdc:5]
Resolution: If [get_<value>] was used to populate the object, check to make sure this command returns at least one valid object.
WARNING: [Vivado 12-584] No ports matched 'vga_r[1]'. [C:/Users/Charbel/Documents/ECE_520/space_invaders_game/space_invaders_game.srcs/sources_1/new/constraints.xdc:6]
CRITICAL WARNING: [Common 17-55] 'set_property' expects at least one object. [C:/Users/Charbel/Documents/ECE_520/space_invaders_game/space_invaders_game.srcs/sources_1/new/constraints.xdc:6]
Resolution: If [get_<value>] was used to populate the object, check to make sure this command returns at least one valid object.
WARNING: [Vivado 12-584] No ports matched 'vga_r[2]'. [C:/Users/Charbel/Documents/ECE_520/space_invaders_game/space_invaders_game.srcs/sources_1/new/constraints.xdc:7]
CRITICAL WARNING: [Common 17-55] 'set_property' expects at least one object. [C:/Users/Charbel/Documents/ECE_520/space_invaders_game/space_invaders_game.srcs/sources_1/new/constraints.xdc:7]
Resolution: If [get_<value>] was used to populate the object, check to make sure this command returns at least one valid object.
WARNING: [Vivado 12-584] No ports matched 'vga_r[3]'. [C:/Users/Charbel/Documents/ECE_520/space_invaders_game/space_invaders_game.srcs/sources_1/new/constraints.xdc:8]
CRITICAL WARNING: [Common 17-55] 'set_property' expects at least one object. [C:/Users/Charbel/Documents/ECE_520/space_invaders_game/space_invaders_game.srcs/sources_1/new/constraints.xdc:8]
Resolution: If [get_<value>] was used to populate the object, check to make sure this command returns at least one valid object.
WARNING: [Vivado 12-584] No ports matched 'vga_g[0]'. [C:/Users/Charbel/Documents/ECE_520/space_invaders_game/space_invaders_game.srcs/sources_1/new/constraints.xdc:10]
CRITICAL WARNING: [Common 17-55] 'set_property' expects at least one object. [C:/Users/Charbel/Documents/ECE_520/space_invaders_game/space_invaders_game.srcs/sources_1/new/constraints.xdc:10]
Resolution: If [get_<value>] was used to populate the object, check to make sure this command returns at least one valid object.
WARNING: [Vivado 12-584] No ports matched 'vga_g[1]'. [C:/Users/Charbel/Documents/ECE_520/space_invaders_game/space_invaders_game.srcs/sources_1/new/constraints.xdc:11]
CRITICAL WARNING: [Common 17-55] 'set_property' expects at least one object. [C:/Users/Charbel/Documents/ECE_520/space_invaders_game/space_invaders_game.srcs/sources_1/new/constraints.xdc:11]
Resolution: If [get_<value>] was used to populate the object, check to make sure this command returns at least one valid object.
WARNING: [Vivado 12-584] No ports matched 'vga_g[2]'. [C:/Users/Charbel/Documents/ECE_520/space_invaders_game/space_invaders_game.srcs/sources_1/new/constraints.xdc:12]
CRITICAL WARNING: [Common 17-55] 'set_property' expects at least one object. [C:/Users/Charbel/Documents/ECE_520/space_invaders_game/space_invaders_game.srcs/sources_1/new/constraints.xdc:12]
Resolution: If [get_<value>] was used to populate the object, check to make sure this command returns at least one valid object.
WARNING: [Vivado 12-584] No ports matched 'vga_g[3]'. [C:/Users/Charbel/Documents/ECE_520/space_invaders_game/space_invaders_game.srcs/sources_1/new/constraints.xdc:13]
CRITICAL WARNING: [Common 17-55] 'set_property' expects at least one object. [C:/Users/Charbel/Documents/ECE_520/space_invaders_game/space_invaders_game.srcs/sources_1/new/constraints.xdc:13]
Resolution: If [get_<value>] was used to populate the object, check to make sure this command returns at least one valid object.
WARNING: [Vivado 12-584] No ports matched 'vga_b[0]'. [C:/Users/Charbel/Documents/ECE_520/space_invaders_game/space_invaders_game.srcs/sources_1/new/constraints.xdc:15]
CRITICAL WARNING: [Common 17-55] 'set_property' expects at least one object. [C:/Users/Charbel/Documents/ECE_520/space_invaders_game/space_invaders_game.srcs/sources_1/new/constraints.xdc:15]
Resolution: If [get_<value>] was used to populate the object, check to make sure this command returns at least one valid object.
WARNING: [Vivado 12-584] No ports matched 'vga_b[1]'. [C:/Users/Charbel/Documents/ECE_520/space_invaders_game/space_invaders_game.srcs/sources_1/new/constraints.xdc:16]
CRITICAL WARNING: [Common 17-55] 'set_property' expects at least one object. [C:/Users/Charbel/Documents/ECE_520/space_invaders_game/space_invaders_game.srcs/sources_1/new/constraints.xdc:16]
Resolution: If [get_<value>] was used to populate the object, check to make sure this command returns at least one valid object.
WARNING: [Vivado 12-584] No ports matched 'vga_b[2]'. [C:/Users/Charbel/Documents/ECE_520/space_invaders_game/space_invaders_game.srcs/sources_1/new/constraints.xdc:17]
CRITICAL WARNING: [Common 17-55] 'set_property' expects at least one object. [C:/Users/Charbel/Documents/ECE_520/space_invaders_game/space_invaders_game.srcs/sources_1/new/constraints.xdc:17]
Resolution: If [get_<value>] was used to populate the object, check to make sure this command returns at least one valid object.
WARNING: [Vivado 12-584] No ports matched 'vga_b[3]'. [C:/Users/Charbel/Documents/ECE_520/space_invaders_game/space_invaders_game.srcs/sources_1/new/constraints.xdc:18]
CRITICAL WARNING: [Common 17-55] 'set_property' expects at least one object. [C:/Users/Charbel/Documents/ECE_520/space_invaders_game/space_invaders_game.srcs/sources_1/new/constraints.xdc:18]
Resolution: If [get_<value>] was used to populate the object, check to make sure this command returns at least one valid object.
WARNING: [Vivado 12-584] No ports matched 'vga_hs'. [C:/Users/Charbel/Documents/ECE_520/space_invaders_game/space_invaders_game.srcs/sources_1/new/constraints.xdc:20]
CRITICAL WARNING: [Common 17-55] 'set_property' expects at least one object. [C:/Users/Charbel/Documents/ECE_520/space_invaders_game/space_invaders_game.srcs/sources_1/new/constraints.xdc:20]
Resolution: If [get_<value>] was used to populate the object, check to make sure this command returns at least one valid object.
WARNING: [Vivado 12-584] No ports matched 'vga_vs'. [C:/Users/Charbel/Documents/ECE_520/space_invaders_game/space_invaders_game.srcs/sources_1/new/constraints.xdc:21]
CRITICAL WARNING: [Common 17-55] 'set_property' expects at least one object. [C:/Users/Charbel/Documents/ECE_520/space_invaders_game/space_invaders_game.srcs/sources_1/new/constraints.xdc:21]
Resolution: If [get_<value>] was used to populate the object, check to make sure this command returns at least one valid object.
Finished Parsing XDC File [C:/Users/Charbel/Documents/ECE_520/space_invaders_game/space_invaders_game.srcs/sources_1/new/constraints.xdc]
Completed Processing XDC Constraints

Netlist sorting complete. Time (s): cpu = 00:00:00 ; elapsed = 00:00:00.001 . Memory (MB): peak = 1429.719 ; gain = 0.000
INFO: [Project 1-111] Unisim Transformation Summary:
No Unisim elements were transformed.

Constraint Validation Runtime : Time (s): cpu = 00:00:00 ; elapsed = 00:00:00.004 . Memory (MB): peak = 1429.719 ; gain = 0.000
INFO: [Designutils 20-5440] No compile time benefit to using incremental synthesis; A full resynthesis will be run
INFO: [Designutils 20-4379] Flow is switching to default flow due to incremental criteria not met. If you would like to alter this behaviour and have the flow terminate instead, please set the following parameter config_implementation {autoIncr.Synth.RejectBehavior Terminate}
---------------------------------------------------------------------------------
Finished Constraint Validation : Time (s): cpu = 00:00:19 ; elapsed = 00:00:20 . Memory (MB): peak = 1429.719 ; gain = 579.715
---------------------------------------------------------------------------------
---------------------------------------------------------------------------------
Start Loading Part and Timing Information
---------------------------------------------------------------------------------
Loading part: xc7z010clg400-1
---------------------------------------------------------------------------------
Finished Loading Part and Timing Information : Time (s): cpu = 00:00:19 ; elapsed = 00:00:20 . Memory (MB): peak = 1429.719 ; gain = 579.715
---------------------------------------------------------------------------------
---------------------------------------------------------------------------------
Start Applying 'set_property' XDC Constraints
---------------------------------------------------------------------------------
---------------------------------------------------------------------------------
Finished applying 'set_property' XDC Constraints : Time (s): cpu = 00:00:19 ; elapsed = 00:00:20 . Memory (MB): peak = 1429.719 ; gain = 579.715
---------------------------------------------------------------------------------
---------------------------------------------------------------------------------
Finished RTL Optimization Phase 2 : Time (s): cpu = 00:00:19 ; elapsed = 00:00:21 . Memory (MB): peak = 1429.719 ; gain = 579.715
---------------------------------------------------------------------------------
---------------------------------------------------------------------------------
Start RTL Component Statistics 
---------------------------------------------------------------------------------
Detailed RTL Component Info : 
+---Adders : 
	   2 Input   10 Bit       Adders := 2     
+---Registers : 
	               10 Bit    Registers := 2     
	                1 Bit    Registers := 2     
---------------------------------------------------------------------------------
Finished RTL Component Statistics 
---------------------------------------------------------------------------------
---------------------------------------------------------------------------------
Start Part Resource Summary
---------------------------------------------------------------------------------
Part Resources:
DSPs: 80 (col length:40)
BRAMs: 120 (col length: RAMB18 40 RAMB36 20)
---------------------------------------------------------------------------------
Finished Part Resource Summary
---------------------------------------------------------------------------------
---------------------------------------------------------------------------------
Start Cross Boundary and Area Optimization
---------------------------------------------------------------------------------
WARNING: [Synth 8-7080] Parallel synthesis criteria is not met
---------------------------------------------------------------------------------
Finished Cross Boundary and Area Optimization : Time (s): cpu = 00:00:21 ; elapsed = 00:00:23 . Memory (MB): peak = 1429.719 ; gain = 579.715
---------------------------------------------------------------------------------
---------------------------------------------------------------------------------
Start Applying XDC Timing Constraints
---------------------------------------------------------------------------------
---------------------------------------------------------------------------------
Finished Applying XDC Timing Constraints : Time (s): cpu = 00:00:28 ; elapsed = 00:00:31 . Memory (MB): peak = 1429.719 ; gain = 579.715
---------------------------------------------------------------------------------
---------------------------------------------------------------------------------
Start Timing Optimization
---------------------------------------------------------------------------------
---------------------------------------------------------------------------------
Finished Timing Optimization : Time (s): cpu = 00:00:28 ; elapsed = 00:00:31 . Memory (MB): peak = 1429.719 ; gain = 579.715
---------------------------------------------------------------------------------
---------------------------------------------------------------------------------
Start Technology Mapping
---------------------------------------------------------------------------------
---------------------------------------------------------------------------------
Finished Technology Mapping : Time (s): cpu = 00:00:28 ; elapsed = 00:00:31 . Memory (MB): peak = 1429.719 ; gain = 579.715
---------------------------------------------------------------------------------
---------------------------------------------------------------------------------
Start IO Insertion
---------------------------------------------------------------------------------
---------------------------------------------------------------------------------
Start Flattening Before IO Insertion
---------------------------------------------------------------------------------
---------------------------------------------------------------------------------
Finished Flattening Before IO Insertion
---------------------------------------------------------------------------------
---------------------------------------------------------------------------------
Start Final Netlist Cleanup
---------------------------------------------------------------------------------
---------------------------------------------------------------------------------
Finished Final Netlist Cleanup
---------------------------------------------------------------------------------
---------------------------------------------------------------------------------
Finished IO Insertion : Time (s): cpu = 00:00:34 ; elapsed = 00:00:37 . Memory (MB): peak = 1429.719 ; gain = 579.715
---------------------------------------------------------------------------------
---------------------------------------------------------------------------------
Start Renaming Generated Instances
---------------------------------------------------------------------------------
---------------------------------------------------------------------------------
Finished Renaming Generated Instances : Time (s): cpu = 00:00:34 ; elapsed = 00:00:37 . Memory (MB): peak = 1429.719 ; gain = 579.715
---------------------------------------------------------------------------------
---------------------------------------------------------------------------------
Start Rebuilding User Hierarchy
---------------------------------------------------------------------------------
---------------------------------------------------------------------------------
Finished Rebuilding User Hierarchy : Time (s): cpu = 00:00:34 ; elapsed = 00:00:37 . Memory (MB): peak = 1429.719 ; gain = 579.715
---------------------------------------------------------------------------------
---------------------------------------------------------------------------------
Start Renaming Generated Ports
---------------------------------------------------------------------------------
---------------------------------------------------------------------------------
Finished Renaming Generated Ports : Time (s): cpu = 00:00:34 ; elapsed = 00:00:37 . Memory (MB): peak = 1429.719 ; gain = 579.715
---------------------------------------------------------------------------------
---------------------------------------------------------------------------------
Start Handling Custom Attributes
---------------------------------------------------------------------------------
---------------------------------------------------------------------------------
Finished Handling Custom Attributes : Time (s): cpu = 00:00:34 ; elapsed = 00:00:37 . Memory (MB): peak = 1429.719 ; gain = 579.715
---------------------------------------------------------------------------------
---------------------------------------------------------------------------------
Start Renaming Generated Nets
---------------------------------------------------------------------------------
---------------------------------------------------------------------------------
Finished Renaming Generated Nets : Time (s): cpu = 00:00:34 ; elapsed = 00:00:37 . Memory (MB): peak = 1429.719 ; gain = 579.715
---------------------------------------------------------------------------------
---------------------------------------------------------------------------------
Start Writing Synthesis Report
---------------------------------------------------------------------------------

Report BlackBoxes: 
+-+--------------+----------+
| |BlackBox name |Instances |
+-+--------------+----------+
+-+--------------+----------+

Report Cell Usage: 
+------+-----+------+
|      |Cell |Count |
+------+-----+------+
|1     |BUFG |     1|
|2     |LUT1 |     1|
|3     |LUT2 |     3|
|4     |LUT3 |     4|
|5     |LUT4 |     4|
|6     |LUT5 |     9|
|7     |LUT6 |    12|
|8     |FDRE |    22|
|9     |IBUF |     2|
|10    |OBUF |    23|
+------+-----+------+
---------------------------------------------------------------------------------
Finished Writing Synthesis Report : Time (s): cpu = 00:00:34 ; elapsed = 00:00:37 . Memory (MB): peak = 1429.719 ; gain = 579.715
---------------------------------------------------------------------------------
Synthesis finished with 0 errors, 0 critical warnings and 1 warnings.
Synthesis Optimization Runtime : Time (s): cpu = 00:00:23 ; elapsed = 00:00:35 . Memory (MB): peak = 1429.719 ; gain = 500.371
Synthesis Optimization Complete : Time (s): cpu = 00:00:34 ; elapsed = 00:00:37 . Memory (MB): peak = 1429.719 ; gain = 579.715
INFO: [Project 1-571] Translating synthesized netlist
Netlist sorting complete. Time (s): cpu = 00:00:00 ; elapsed = 00:00:00 . Memory (MB): peak = 1429.719 ; gain = 0.000
INFO: [Project 1-570] Preparing netlist for logic optimization
INFO: [Opt 31-138] Pushed 0 inverter(s) to 0 load pin(s).
Netlist sorting complete. Time (s): cpu = 00:00:00 ; elapsed = 00:00:00 . Memory (MB): peak = 1429.719 ; gain = 0.000
INFO: [Project 1-111] Unisim Transformation Summary:
No Unisim elements were transformed.

Synth Design complete | Checksum: 2251fccc
INFO: [Common 17-83] Releasing license: Synthesis
20 Infos, 15 Warnings, 14 Critical Warnings and 0 Errors encountered.
synth_design completed successfully
synth_design: Time (s): cpu = 00:00:41 ; elapsed = 00:00:45 . Memory (MB): peak = 1429.719 ; gain = 960.773
INFO: [runtcl-6] Synthesis results are not added to the cache due to CRITICAL_WARNING
INFO: [Common 17-1381] The checkpoint 'C:/Users/Charbel/Documents/ECE_520/space_invaders_game/space_invaders_game.runs/synth_1/vga_sync.dcp' has been generated.
INFO: [runtcl-4] Executing : report_utilization -file vga_sync_utilization_synth.rpt -pb vga_sync_utilization_synth.pb
INFO: [Common 17-206] Exiting Vivado at Fri Apr 10 15:40:31 2026...
